# JRE version: OpenJDK Runtime Environment Temurin-21.0.1+12 (21.0.1+12) (build 21.0.1+12-LTS)
# Java VM: OpenJDK 64-Bit Server VM Temurin-21.0.1+12 (21.0.1+12-LTS, mixed mode, sharing, tiered, compressed oops, compressed class ptrs, g1 gc, windows-amd64)
GC Precious Log:
 CardTable entry size: 512
 Card Set container configuration: InlinePtr #cards 4 size 8 Array Of Cards #cards 16 size 48 Howl #buckets 8 coarsen threshold 3686 Howl Bitmap #cards 512 size 80 coarsen threshold 460 Card regions per heap region 1 cards per card region 4096
 CPUs: 8 total, 8 available
 Memory: 7991M
 Large Page Support: Disabled
 NUMA Support: Disabled
 Compressed Oops: Enabled (Zero based)
 Heap Region Size: 2M
 Heap Min Capacity: 512M
 Heap Initial Capacity: 512M
 Heap Max Capacity: 4072M
 Pre-touch: Disabled
 Parallel Workers: 8
 Concurrent Workers: 2
 Concurrent Refinement Workers: 8
 Periodic GC: Disabled
 String Deduplication is enabled
Heap:
 garbage-first heap   total 524288K, used 114465K [0x0000000701800000, 0x0000000800000000)
  region size 2048K, 18 young (36864K), 1 survivors (2048K)
 Metaspace       used 100839K, committed 102208K, reserved 1179648K
  class space    used 13533K, committed 14016K, reserved 1048576K
GC Heap History (20 events):
Event: 7384.731 GC heap after
{Heap after GC invocations=119 (full 7):
 garbage-first heap   total 524288K, used 80369K [0x0000000701800000, 0x0000000800000000)
  region size 2048K, 0 young (0K), 0 survivors (0K)
 Metaspace       used 100829K, committed 102208K, reserved 1179648K
  class space    used 13533K, committed 14016K, reserved 1048576K
}
Event: 7618.956 GC heap before
{Heap before GC invocations=119 (full 7):
 garbage-first heap   total 524288K, used 162289K [0x0000000701800000, 0x0000000800000000)
  region size 2048K, 40 young (81920K), 0 survivors (0K)
 Metaspace       used 100829K, committed 102208K, reserved 1179648K
  class space    used 13533K, committed 14016K, reserved 1048576K
}
Event: 7618.959 GC heap after
{Heap after GC invocations=120 (full 7):
 garbage-first heap   total 524288K, used 81084K [0x0000000701800000, 0x0000000800000000)
  region size 2048K, 1 young (2048K), 1 survivors (2048K)
 Metaspace       used 100829K, committed 102208K, reserved 1179648K
  class space    used 13533K, committed 14016K, reserved 1048576K
}
Event: 7849.686 GC heap before
{Heap before GC invocations=120 (full 7):
 garbage-first heap   total 524288K, used 160956K [0x0000000701800000, 0x0000000800000000)
  region size 2048K, 40 young (81920K), 1 survivors (2048K)
 Metaspace       used 100831K, committed 102208K, reserved 1179648K
  class space    used 13533K, committed 14016K, reserved 1048576K
}
Event: 7849.689 GC heap after
{Heap after GC invocations=121 (full 7):
 garbage-first heap   total 524288K, used 81159K [0x0000000701800000, 0x0000000800000000)
  region size 2048K, 1 young (2048K), 1 survivors (2048K)
 Metaspace       used 100831K, committed 102208K, reserved 1179648K
  class space    used 13533K, committed 14016K, reserved 1048576K
}
Event: 8079.098 GC heap before
{Heap before GC invocations=121 (full 7):
 garbage-first heap   total 524288K, used 161031K [0x0000000701800000, 0x0000000800000000)
  region size 2048K, 40 young (81920K), 1 survivors (2048K)
 Metaspace       used 100831K, committed 102208K, reserved 1179648K
  class space    used 13533K, committed 14016K, reserved 1048576K
}
Event: 8079.101 GC heap after
{Heap after GC invocations=122 (full 7):
 garbage-first heap   total 524288K, used 81196K [0x0000000701800000, 0x0000000800000000)
  region size 2048K, 1 young (2048K), 1 survivors (2048K)
 Metaspace       used 100831K, committed 102208K, reserved 1179648K
  class space    used 13533K, committed 14016K, reserved 1048576K
}
Event: 8310.240 GC heap before
{Heap before GC invocations=122 (full 7):
 garbage-first heap   total 524288K, used 161068K [0x0000000701800000, 0x0000000800000000)
  region size 2048K, 40 young (81920K), 1 survivors (2048K)
 Metaspace       used 100831K, committed 102208K, reserved 1179648K
  class space    used 13533K, committed 14016K, reserved 1048576K
}
Event: 8310.243 GC heap after
{Heap after GC invocations=123 (full 7):
 garbage-first heap   total 524288K, used 81257K [0x0000000701800000, 0x0000000800000000)
  region size 2048K, 1 young (2048K), 1 survivors (2048K)
 Metaspace       used 100831K, committed 102208K, reserved 1179648K
  class space    used 13533K, committed 14016K, reserved 1048576K
}
Event: 8452.428 GC heap before
{Heap before GC invocations=123 (full 7):
 garbage-first heap   total 524288K, used 161129K [0x0000000701800000, 0x0000000800000000)
  region size 2048K, 40 young (81920K), 1 survivors (2048K)
 Metaspace       used 100836K, committed 102208K, reserved 1179648K
  class space    used 13533K, committed 14016K, reserved 1048576K
}
Event: 8452.435 GC heap after
{Heap after GC invocations=124 (full 7):
 garbage-first heap   total 524288K, used 81410K [0x0000000701800000, 0x0000000800000000)
  region size 2048K, 1 young (2048K), 1 survivors (2048K)
 Metaspace       used 100836K, committed 102208K, reserved 1179648K
  class space    used 13533K, committed 14016K, reserved 1048576K
}
Event: 8467.582 GC heap before
{Heap before GC invocations=124 (full 7):
 garbage-first heap   total 524288K, used 161282K [0x0000000701800000, 0x0000000800000000)
  region size 2048K, 40 young (81920K), 1 survivors (2048K)
 Metaspace       used 100837K, committed 102208K, reserved 1179648K
  class space    used 13533K, committed 14016K, reserved 1048576K
}
Event: 8467.595 GC heap after
{Heap after GC invocations=125 (full 7):
 garbage-first heap   total 524288K, used 81303K [0x0000000701800000, 0x0000000800000000)
  region size 2048K, 1 young (2048K), 1 survivors (2048K)
 Metaspace       used 100837K, committed 102208K, reserved 1179648K
  class space    used 13533K, committed 14016K, reserved 1048576K
}
Event: 8622.331 GC heap before
{Heap before GC invocations=125 (full 7):
 garbage-first heap   total 524288K, used 161175K [0x0000000701800000, 0x0000000800000000)
  region size 2048K, 40 young (81920K), 1 survivors (2048K)
 Metaspace       used 100839K, committed 102208K, reserved 1179648K
  class space    used 13533K, committed 14016K, reserved 1048576K
}
Event: 8622.337 GC heap after
{Heap after GC invocations=126 (full 7):
 garbage-first heap   total 524288K, used 81517K [0x0000000701800000, 0x0000000800000000)
  region size 2048K, 1 young (2048K), 1 survivors (2048K)
 Metaspace       used 100839K, committed 102208K, reserved 1179648K
  class space    used 13533K, committed 14016K, reserved 1048576K
}
Event: 8855.011 GC heap before
{Heap before GC invocations=126 (full 7):
 garbage-first heap   total 524288K, used 161389K [0x0000000701800000, 0x0000000800000000)
  region size 2048K, 40 young (81920K), 1 survivors (2048K)
 Metaspace       used 100839K, committed 102208K, reserved 1179648K
  class space    used 13533K, committed 14016K, reserved 1048576K
}
Event: 8855.018 GC heap after
{Heap after GC invocations=127 (full 7):
 garbage-first heap   total 524288K, used 81708K [0x0000000701800000, 0x0000000800000000)
  region size 2048K, 1 young (2048K), 1 survivors (2048K)
 Metaspace       used 100839K, committed 102208K, reserved 1179648K
  class space    used 13533K, committed 14016K, reserved 1048576K
}
Event: 9086.836 GC heap before
{Heap before GC invocations=127 (full 7):
 garbage-first heap   total 524288K, used 161580K [0x0000000701800000, 0x0000000800000000)
  region size 2048K, 40 young (81920K), 1 survivors (2048K)
 Metaspace       used 100839K, committed 102208K, reserved 1179648K
  class space    used 13533K, committed 14016K, reserved 1048576K
}
Event: 9086.883 GC heap after
{Heap after GC invocations=128 (full 7):
 garbage-first heap   total 524288K, used 81697K [0x0000000701800000, 0x0000000800000000)
  region size 2048K, 1 young (2048K), 1 survivors (2048K)
 Metaspace       used 100839K, committed 102208K, reserved 1179648K
  class space    used 13533K, committed 14016K, reserved 1048576K
}
Event: 9185.038 GC heap before
{Heap before GC invocations=128 (full 7):
 garbage-first heap   total 524288K, used 114465K [0x0000000701800000, 0x0000000800000000)
  region size 2048K, 18 young (36864K), 1 survivors (2048K)
 Metaspace       used 100839K, committed 102208K, reserved 1179648K
  class space    used 13533K, committed 14016K, reserved 1048576K
}

